<?xml version="1.0" encoding="UTF-8"?>
<!-- Generated by org.testng.reporters.JUnitReportReporter -->
<testsuite hostname="ArunKMR" failures="0" tests="1" name="jenkinsPackage.MavenTestForJenkins" time="0.013" errors="0" timestamp="2025-09-07T15:31:25 IST" skipped="0">
  <testcase classname="jenkinsPackage.MavenTestForJenkins" name="testM" time="0.013"/>
</testsuite> <!-- jenkinsPackage.MavenTestForJenkins -->
